<?xml version="1.0" encoding="UTF-8"?>
<!-- Generated by org.testng.reporters.JUnitReportReporter -->
<testsuite hostname="DESKTOP-9INP9V7" failures="0" tests="5" name="com.training.Test.SalesForceLoginTestCases" time="41.765" errors="0" timestamp="2024-06-23T18:08:08 GMT-07:00" skipped="0">
  <testcase classname="com.training.Test.SalesForceLoginTestCases" name="TestCase3" time="12.948"/>
  <system-out/>
  <testcase classname="com.training.Test.SalesForceLoginTestCases" name="TestCase2" time="8.935"/>
  <system-out/>
  <testcase classname="com.training.Test.SalesForceLoginTestCases" name="TestCase4" time="5.752"/>
  <system-out/>
  <testcase classname="com.training.Test.SalesForceLoginTestCases" name="TestCase1" time="5.612"/>
  <system-out/>
  <testcase classname="com.training.Test.SalesForceLoginTestCases" name="TestCase5" time="8.518"/>
  <system-out/>
</testsuite> <!-- com.training.Test.SalesForceLoginTestCases -->
